[2023-12-18 10:20:31] production.ERROR: file_get_contents(C:\Users\Abbas Ali Rakib\Downloads\ecommerce-laravel-main\ecommerceShop\.env): Failed to open stream: No such file or directory {"exception":"[object] (ErrorException(code: 0): file_get_contents(C:\\Users\\Abbas Ali Rakib\\Downloads\\ecommerce-laravel-main\\ecommerceShop\\.env): Failed to open stream: No such file or directory at C:\\Users\\Abbas Ali Rakib\\Downloads\\ecommerce-laravel-main\\ecommerceShop\\vendor\\laravel\\framework\\src\\Illuminate\\Foundation\\Console\\KeyGenerateCommand.php:100)
[stacktrace]
#0 C:\\Users\\Abbas Ali Rakib\\Downloads\\ecommerce-laravel-main\\ecommerceShop\\vendor\\laravel\\framework\\src\\Illuminate\\Foundation\\Bootstrap\\HandleExceptions.php(254): Illuminate\\Foundation\\Bootstrap\\HandleExceptions->handleError(2, 'file_get_conten...', 'C:\\\\Users\\\\Abbas ...', 100)
#1 [internal function]: Illuminate\\Foundation\\Bootstrap\\HandleExceptions->Illuminate\\Foundation\\Bootstrap\\{closure}(2, 'file_get_conten...', 'C:\\\\Users\\\\Abbas ...', 100)
#2 C:\\Users\\Abbas Ali Rakib\\Downloads\\ecommerce-laravel-main\\ecommerceShop\\vendor\\laravel\\framework\\src\\Illuminate\\Foundation\\Console\\KeyGenerateCommand.php(100): file_get_contents('C:\\\\Users\\\\Abbas ...')
#3 C:\\Users\\Abbas Ali Rakib\\Downloads\\ecommerce-laravel-main\\ecommerceShop\\vendor\\laravel\\framework\\src\\Illuminate\\Foundation\\Console\\KeyGenerateCommand.php(82): Illuminate\\Foundation\\Console\\KeyGenerateCommand->writeNewEnvironmentFileWith('base64:lXrY+w2+...')
#4 C:\\Users\\Abbas Ali Rakib\\Downloads\\ecommerce-laravel-main\\ecommerceShop\\vendor\\laravel\\framework\\src\\Illuminate\\Foundation\\Console\\KeyGenerateCommand.php(47): Illuminate\\Foundation\\Console\\KeyGenerateCommand->setKeyInEnvironmentFile('base64:lXrY+w2+...')
#5 C:\\Users\\Abbas Ali Rakib\\Downloads\\ecommerce-laravel-main\\ecommerceShop\\vendor\\laravel\\framework\\src\\Illuminate\\Container\\BoundMethod.php(36): Illuminate\\Foundation\\Console\\KeyGenerateCommand->handle()
#6 C:\\Users\\Abbas Ali Rakib\\Downloads\\ecommerce-laravel-main\\ecommerceShop\\vendor\\laravel\\framework\\src\\Illuminate\\Container\\Util.php(41): Illuminate\\Container\\BoundMethod::Illuminate\\Container\\{closure}()
#7 C:\\Users\\Abbas Ali Rakib\\Downloads\\ecommerce-laravel-main\\ecommerceShop\\vendor\\laravel\\framework\\src\\Illuminate\\Container\\BoundMethod.php(93): Illuminate\\Container\\Util::unwrapIfClosure(Object(Closure))
#8 C:\\Users\\Abbas Ali Rakib\\Downloads\\ecommerce-laravel-main\\ecommerceShop\\vendor\\laravel\\framework\\src\\Illuminate\\Container\\BoundMethod.php(35): Illuminate\\Container\\BoundMethod::callBoundMethod(Object(Illuminate\\Foundation\\Application), Array, Object(Closure))
#9 C:\\Users\\Abbas Ali Rakib\\Downloads\\ecommerce-laravel-main\\ecommerceShop\\vendor\\laravel\\framework\\src\\Illuminate\\Container\\Container.php(662): Illuminate\\Container\\BoundMethod::call(Object(Illuminate\\Foundation\\Application), Array, Array, NULL)
#10 C:\\Users\\Abbas Ali Rakib\\Downloads\\ecommerce-laravel-main\\ecommerceShop\\vendor\\laravel\\framework\\src\\Illuminate\\Console\\Command.php(211): Illuminate\\Container\\Container->call(Array)
#11 C:\\Users\\Abbas Ali Rakib\\Downloads\\ecommerce-laravel-main\\ecommerceShop\\vendor\\symfony\\console\\Command\\Command.php(326): Illuminate\\Console\\Command->execute(Object(Symfony\\Component\\Console\\Input\\ArgvInput), Object(Illuminate\\Console\\OutputStyle))
#12 C:\\Users\\Abbas Ali Rakib\\Downloads\\ecommerce-laravel-main\\ecommerceShop\\vendor\\laravel\\framework\\src\\Illuminate\\Console\\Command.php(180): Symfony\\Component\\Console\\Command\\Command->run(Object(Symfony\\Component\\Console\\Input\\ArgvInput), Object(Illuminate\\Console\\OutputStyle))
#13 C:\\Users\\Abbas Ali Rakib\\Downloads\\ecommerce-laravel-main\\ecommerceShop\\vendor\\symfony\\console\\Application.php(1081): Illuminate\\Console\\Command->run(Object(Symfony\\Component\\Console\\Input\\ArgvInput), Object(Symfony\\Component\\Console\\Output\\ConsoleOutput))
#14 C:\\Users\\Abbas Ali Rakib\\Downloads\\ecommerce-laravel-main\\ecommerceShop\\vendor\\symfony\\console\\Application.php(320): Symfony\\Component\\Console\\Application->doRunCommand(Object(Illuminate\\Foundation\\Console\\KeyGenerateCommand), Object(Symfony\\Component\\Console\\Input\\ArgvInput), Object(Symfony\\Component\\Console\\Output\\ConsoleOutput))
#15 C:\\Users\\Abbas Ali Rakib\\Downloads\\ecommerce-laravel-main\\ecommerceShop\\vendor\\symfony\\console\\Application.php(174): Symfony\\Component\\Console\\Application->doRun(Object(Symfony\\Component\\Console\\Input\\ArgvInput), Object(Symfony\\Component\\Console\\Output\\ConsoleOutput))
#16 C:\\Users\\Abbas Ali Rakib\\Downloads\\ecommerce-laravel-main\\ecommerceShop\\vendor\\laravel\\framework\\src\\Illuminate\\Foundation\\Console\\Kernel.php(201): Symfony\\Component\\Console\\Application->run(Object(Symfony\\Component\\Console\\Input\\ArgvInput), Object(Symfony\\Component\\Console\\Output\\ConsoleOutput))
#17 C:\\Users\\Abbas Ali Rakib\\Downloads\\ecommerce-laravel-main\\ecommerceShop\\artisan(35): Illuminate\\Foundation\\Console\\Kernel->handle(Object(Symfony\\Component\\Console\\Input\\ArgvInput), Object(Symfony\\Component\\Console\\Output\\ConsoleOutput))
#18 {main}
"} 
